<?xml version="1.0" encoding="UTF-8"?>
<!-- Generated by org.testng.reporters.JUnitXMLReporter -->
<testsuite ignored="0" hostname="SIGNIFI-308" failures="0" tests="4" name="Default test" time="3.649" errors="0" timestamp="2023-08-18T22:38:28 EDT">
  <testcase classname="api.test.UserTests2" name="testpostUser" time="2.497"/>
  <testcase classname="api.test.UserTests2" name="testgetuser" time="0.222"/>
  <testcase classname="api.test.UserTests2" name="testupdateuser" time="0.436"/>
  <testcase classname="api.test.UserTests2" name="testdelete" time="0.206"/>
</testsuite> <!-- Default test -->
