<?xml version="1.0" encoding="UTF-8"?>
<testng-results ignored="0" total="4" passed="4" failed="0" skipped="0">
  <reporter-output>
  </reporter-output>
  <suite started-at="2023-08-23T20:21:02 EDT" name="petSuite" finished-at="2023-08-23T20:21:10 EDT" duration-ms="8238">
    <groups>
    </groups>
    <test started-at="2023-08-23T20:21:02 EDT" name="petTest" finished-at="2023-08-23T20:21:10 EDT" duration-ms="8238">
      <class name="api.test.UserTests2">
        <test-method is-config="true" signature="setupData()[pri:0, instance:api.test.UserTests2@619713e5]" started-at="2023-08-23T20:21:02 EDT" name="setupData" finished-at="2023-08-23T20:21:02 EDT" duration-ms="333" status="PASS">
          <reporter-output>
          </reporter-output>
        </test-method> <!-- setupData -->
        <test-method signature="testpostUser()[pri:1, instance:api.test.UserTests2@619713e5]" started-at="2023-08-23T20:21:02 EDT" name="testpostUser" finished-at="2023-08-23T20:21:07 EDT" duration-ms="4078" status="PASS">
          <reporter-output>
          </reporter-output>
        </test-method> <!-- testpostUser -->
        <test-method signature="testgetuser()[pri:2, instance:api.test.UserTests2@619713e5]" started-at="2023-08-23T20:21:07 EDT" name="testgetuser" finished-at="2023-08-23T20:21:08 EDT" duration-ms="1003" status="PASS">
          <reporter-output>
          </reporter-output>
        </test-method> <!-- testgetuser -->
        <test-method signature="testupdateuser()[pri:3, instance:api.test.UserTests2@619713e5]" started-at="2023-08-23T20:21:08 EDT" name="testupdateuser" finished-at="2023-08-23T20:21:09 EDT" duration-ms="1221" status="PASS">
          <reporter-output>
          </reporter-output>
        </test-method> <!-- testupdateuser -->
        <test-method signature="testdelete()[pri:4, instance:api.test.UserTests2@619713e5]" started-at="2023-08-23T20:21:09 EDT" name="testdelete" finished-at="2023-08-23T20:21:10 EDT" duration-ms="1021" status="PASS">
          <reporter-output>
          </reporter-output>
        </test-method> <!-- testdelete -->
      </class> <!-- api.test.UserTests2 -->
    </test> <!-- petTest -->
  </suite> <!-- petSuite -->
</testng-results>
