<?xml version="1.0" encoding="UTF-8"?>
<!-- Generated by org.testng.reporters.JUnitXMLReporter -->
<testsuite ignored="0" hostname="SIGNIFI-308" failures="0" tests="4" name="petTest" time="8.238" errors="0" timestamp="2023-08-23T20:21:10 EDT">
  <testcase classname="api.test.UserTests2" name="testpostUser" time="4.078"/>
  <testcase classname="api.test.UserTests2" name="testgetuser" time="1.003"/>
  <testcase classname="api.test.UserTests2" name="testupdateuser" time="1.221"/>
  <testcase classname="api.test.UserTests2" name="testdelete" time="1.021"/>
</testsuite> <!-- petTest -->
