<?xml version="1.0" encoding="UTF-8"?>
<!-- Generated by org.testng.reporters.JUnitXMLReporter -->
<testsuite ignored="0" hostname="SIGNIFI-308" failures="0" tests="4" name="petTest" time="3.512" errors="0" timestamp="2023-08-18T22:38:49 EDT">
  <testcase classname="api.test.UserTests2" name="testpostUser" time="2.108"/>
  <testcase classname="api.test.UserTests2" name="testgetuser" time="0.239"/>
  <testcase classname="api.test.UserTests2" name="testupdateuser" time="0.42"/>
  <testcase classname="api.test.UserTests2" name="testdelete" time="0.196"/>
</testsuite> <!-- petTest -->
